[09:02:53] [main/INFO]: Setting user: Codetoil
[09:02:54] [Client thread/INFO]: LWJGL Version: 2.9.1
[09:03:05] [Client thread/INFO]: Reloading ResourceManager: Default, FMLFileResourcePack:Forge Mod Loader, FMLFileResourcePack:Minecraft Forge, FMLFileResourcePack:TPS Mod
[09:03:06] [Sound Library Loader/INFO]: Sound engine started
[09:03:09] [Client thread/INFO]: Created: 16x16 textures/blocks-atlas
[09:03:09] [Client thread/INFO]: Created: 16x16 textures/items-atlas
[09:03:09] [Client thread/INFO]: Reloading ResourceManager: Default, FMLFileResourcePack:Forge Mod Loader, FMLFileResourcePack:Minecraft Forge, FMLFileResourcePack:TPS Mod
[09:03:10] [Client thread/INFO]: Created: 512x256 textures/blocks-atlas
[09:03:11] [Client thread/INFO]: Created: 256x256 textures/items-atlas
[09:03:12] [Sound Library Loader/INFO]: Sound engine started
[09:13:43] [Server thread/INFO]: Starting integrated minecraft server version 1.7.10
[09:13:43] [Server thread/INFO]: Generating keypair
[09:13:43] [Server thread/INFO]: Converting map!
[09:13:43] [Server thread/INFO]: Scanning folders...
[09:13:43] [Server thread/INFO]: Total conversion count is 0
[09:13:43] [Server thread/INFO]: Preparing start region for level 0
[09:13:44] [Server thread/INFO]: Preparing spawn area: 12%
[09:13:45] [Server thread/INFO]: Preparing spawn area: 32%
[09:13:46] [Server thread/INFO]: Preparing spawn area: 55%
[09:13:47] [Server thread/INFO]: Preparing spawn area: 78%
[09:13:48] [Server thread/INFO]: Changing view distance to 12, from 10
[09:13:49] [Server thread/INFO]: Codetoil[local:E:1e116327] logged in with entity id 122 at (226.5, 61.0, -199.5)
[09:13:49] [Server thread/INFO]: Codetoil joined the game
[09:13:52] [pool-2-thread-1/WARN]: Couldn't look up profile properties for com.mojang.authlib.GameProfile@5e92cd6e[id=8b8e5b70-2d98-393c-956e-52a0114f70a8,name=Codetoil,properties={},legacy=false]
com.mojang.authlib.exceptions.AuthenticationUnavailableException: Cannot contact authentication server
	at com.mojang.authlib.yggdrasil.YggdrasilAuthenticationService.makeRequest(YggdrasilAuthenticationService.java:71) ~[YggdrasilAuthenticationService.class:?]
	at com.mojang.authlib.yggdrasil.YggdrasilMinecraftSessionService.fillGameProfile(YggdrasilMinecraftSessionService.java:158) [YggdrasilMinecraftSessionService.class:?]
	at com.mojang.authlib.yggdrasil.YggdrasilMinecraftSessionService$1.load(YggdrasilMinecraftSessionService.java:53) [YggdrasilMinecraftSessionService$1.class:?]
	at com.mojang.authlib.yggdrasil.YggdrasilMinecraftSessionService$1.load(YggdrasilMinecraftSessionService.java:50) [YggdrasilMinecraftSessionService$1.class:?]
	at com.google.common.cache.LocalCache$LoadingValueReference.loadFuture(LocalCache.java:3524) [guava-17.0.jar:?]
	at com.google.common.cache.LocalCache$Segment.loadSync(LocalCache.java:2317) [guava-17.0.jar:?]
	at com.google.common.cache.LocalCache$Segment.lockedGetOrLoad(LocalCache.java:2280) [guava-17.0.jar:?]
	at com.google.common.cache.LocalCache$Segment.get(LocalCache.java:2195) [guava-17.0.jar:?]
	at com.google.common.cache.LocalCache.get(LocalCache.java:3934) [guava-17.0.jar:?]
	at com.google.common.cache.LocalCache.getOrLoad(LocalCache.java:3938) [guava-17.0.jar:?]
	at com.google.common.cache.LocalCache$LocalLoadingCache.get(LocalCache.java:4821) [guava-17.0.jar:?]
	at com.google.common.cache.LocalCache$LocalLoadingCache.getUnchecked(LocalCache.java:4827) [guava-17.0.jar:?]
	at com.mojang.authlib.yggdrasil.YggdrasilMinecraftSessionService.fillProfileProperties(YggdrasilMinecraftSessionService.java:148) [YggdrasilMinecraftSessionService.class:?]
	at net.minecraft.client.resources.SkinManager$3.run(SkinManager.java:133) [SkinManager$3.class:?]
	at java.util.concurrent.Executors$RunnableAdapter.call(Executors.java:511) [?:1.8.0_201]
	at java.util.concurrent.FutureTask.run(FutureTask.java:266) [?:1.8.0_201]
	at java.util.concurrent.ThreadPoolExecutor.runWorker(ThreadPoolExecutor.java:1149) [?:1.8.0_201]
	at java.util.concurrent.ThreadPoolExecutor$Worker.run(ThreadPoolExecutor.java:624) [?:1.8.0_201]
	at java.lang.Thread.run(Thread.java:748) [?:1.8.0_201]
Caused by: java.net.UnknownHostException: sessionserver.mojang.com
	at java.net.AbstractPlainSocketImpl.connect(AbstractPlainSocketImpl.java:184) ~[?:1.8.0_201]
	at java.net.PlainSocketImpl.connect(PlainSocketImpl.java:172) ~[?:1.8.0_201]
	at java.net.SocksSocketImpl.connect(SocksSocketImpl.java:392) ~[?:1.8.0_201]
	at java.net.Socket.connect(Socket.java:589) ~[?:1.8.0_201]
	at sun.security.ssl.SSLSocketImpl.connect(SSLSocketImpl.java:666) ~[?:1.8.0_201]
	at sun.net.NetworkClient.doConnect(NetworkClient.java:175) ~[?:1.8.0_201]
	at sun.net.www.http.HttpClient.openServer(HttpClient.java:463) ~[?:1.8.0_201]
	at sun.net.www.http.HttpClient.openServer(HttpClient.java:558) ~[?:1.8.0_201]
	at sun.net.www.protocol.https.HttpsClient.<init>(HttpsClient.java:264) ~[?:1.8.0_201]
	at sun.net.www.protocol.https.HttpsClient.New(HttpsClient.java:367) ~[?:1.8.0_201]
	at sun.net.www.protocol.https.AbstractDelegateHttpsURLConnection.getNewHttpClient(AbstractDelegateHttpsURLConnection.java:191) ~[?:1.8.0_201]
	at sun.net.www.protocol.http.HttpURLConnection.plainConnect0(HttpURLConnection.java:1199) ~[?:1.8.0_201]
	at sun.net.www.protocol.http.HttpURLConnection$6.run(HttpURLConnection.java:1040) ~[?:1.8.0_201]
	at sun.net.www.protocol.http.HttpURLConnection$6.run(HttpURLConnection.java:1038) ~[?:1.8.0_201]
	at java.security.AccessController.doPrivileged(Native Method) ~[?:1.8.0_201]
	at java.security.AccessController.doPrivilegedWithCombiner(AccessController.java:782) ~[?:1.8.0_201]
	at sun.net.www.protocol.http.HttpURLConnection.plainConnect(HttpURLConnection.java:1037) ~[?:1.8.0_201]
	at sun.net.www.protocol.https.AbstractDelegateHttpsURLConnection.connect(AbstractDelegateHttpsURLConnection.java:177) ~[?:1.8.0_201]
	at sun.net.www.protocol.http.HttpURLConnection.getInputStream0(HttpURLConnection.java:1564) ~[?:1.8.0_201]
	at sun.net.www.protocol.http.HttpURLConnection.access$200(HttpURLConnection.java:91) ~[?:1.8.0_201]
	at sun.net.www.protocol.http.HttpURLConnection$9.run(HttpURLConnection.java:1484) ~[?:1.8.0_201]
	at sun.net.www.protocol.http.HttpURLConnection$9.run(HttpURLConnection.java:1482) ~[?:1.8.0_201]
	at java.security.AccessController.doPrivileged(Native Method) ~[?:1.8.0_201]
	at java.security.AccessController.doPrivilegedWithCombiner(AccessController.java:782) ~[?:1.8.0_201]
	at sun.net.www.protocol.http.HttpURLConnection.getInputStream(HttpURLConnection.java:1481) ~[?:1.8.0_201]
	at sun.net.www.protocol.https.HttpsURLConnectionImpl.getInputStream(HttpsURLConnectionImpl.java:263) ~[?:1.8.0_201]
	at com.mojang.authlib.HttpAuthenticationService.performGetRequest(HttpAuthenticationService.java:126) ~[HttpAuthenticationService.class:?]
	at com.mojang.authlib.yggdrasil.YggdrasilAuthenticationService.makeRequest(YggdrasilAuthenticationService.java:54) ~[YggdrasilAuthenticationService.class:?]
	... 18 more
[09:13:52] [Client thread/INFO]: [CHAT] [TPS Mod] 21.36282332398758 tps
[09:13:56] [Client thread/INFO]: [CHAT] [TPS Mod] 19.552857032535062 tps
[09:14:02] [Client thread/INFO]: [CHAT] [TPS Mod] 20.210748305553153 tps
[09:14:05] [Client thread/INFO]: [CHAT] [TPS Mod] 19.71083652745407 tps
[09:14:07] [Client thread/INFO]: [CHAT] Unknown command. Try /help for a list of commands
[09:14:08] [Client thread/INFO]: [CHAT] [TPS Mod] 20.21295537486873 tps
[09:14:28] [Client thread/INFO]: [CHAT] [TPS Mod] 19.985254604852884 tps
[09:14:29] [Client thread/INFO]: [CHAT] [TPS Mod] 20.01835136845838 tps
[09:14:30] [Client thread/INFO]: [CHAT] [TPS Mod] 19.98482625763514 tps
[09:14:31] [Client thread/INFO]: [CHAT] [TPS Mod] 20.044728379837633 tps
[09:14:33] [Client thread/INFO]: [CHAT] [TPS Mod] 20.017924850555797 tps
[09:14:34] [Client thread/INFO]: [CHAT] [TPS Mod] 20.00418687617321 tps
[09:14:35] [Client thread/INFO]: [CHAT] [TPS Mod] 20.031386320647318 tps
[09:14:36] [Client thread/INFO]: [CHAT] [TPS Mod] 20.01712131083841 tps
[09:14:40] [Server thread/INFO]: Saving and pausing game...
[09:14:40] [Server thread/INFO]: Saving chunks for level 'New World'/Overworld
[09:14:40] [Server thread/INFO]: Saving chunks for level 'New World'/Nether
[09:14:40] [Server thread/INFO]: Saving chunks for level 'New World'/The End
[09:14:53] [Server thread/INFO]: Changing view distance to 8, from 12
[09:14:58] [Client thread/INFO]: [CHAT] [TPS Mod] 8.795743817263856 tps
[09:15:00] [Client thread/INFO]: [CHAT] [TPS Mod] 19.83987860508114 tps
[09:15:20] [Server thread/INFO]: Saving and pausing game...
[09:15:20] [Server thread/INFO]: Saving chunks for level 'New World'/Overworld
[09:15:20] [Server thread/INFO]: Saving chunks for level 'New World'/Nether
[09:15:20] [Server thread/INFO]: Saving chunks for level 'New World'/The End
[09:15:43] [Server thread/INFO]: Codetoil has just earned the achievement [Taking Inventory]
[09:15:43] [Client thread/INFO]: [CHAT] Codetoil has just earned the achievement [Taking Inventory]
[09:15:48] [Server thread/INFO]: Saving and pausing game...
[09:15:48] [Server thread/INFO]: Saving chunks for level 'New World'/Overworld
[09:15:48] [Server thread/INFO]: Saving chunks for level 'New World'/Nether
[09:15:48] [Server thread/INFO]: Saving chunks for level 'New World'/The End
[09:15:57] [Client thread/INFO]: [CHAT] [TPS Mod] 11.04115714686319 tps
[09:17:47] [Client thread/INFO]: [CHAT] Saved screenshot as 2019-05-27_09.17.46.png
[09:17:47] [Client thread/INFO]: [CHAT] Saved screenshot as 2019-05-27_09.17.47.png
[09:17:49] [Server thread/INFO]: Saving and pausing game...
[09:17:49] [Server thread/INFO]: Saving chunks for level 'New World'/Overworld
[09:17:49] [Server thread/INFO]: Saving chunks for level 'New World'/Nether
[09:17:49] [Server thread/INFO]: Saving chunks for level 'New World'/The End
[09:21:25] [Server thread/INFO]: Saving and pausing game...
[09:21:25] [Server thread/INFO]: Saving chunks for level 'New World'/Overworld
[09:21:25] [Server thread/INFO]: Saving chunks for level 'New World'/Nether
[09:21:25] [Server thread/INFO]: Saving chunks for level 'New World'/The End
[09:29:28] [Client thread/INFO]: [CHAT] Saved screenshot as 2019-05-27_09.29.28.png
[09:30:49] [Server thread/INFO]: Saving and pausing game...
[09:30:49] [Server thread/INFO]: Saving chunks for level 'New World'/Overworld
[09:30:49] [Server thread/INFO]: Saving chunks for level 'New World'/Nether
[09:30:49] [Server thread/INFO]: Saving chunks for level 'New World'/The End
[09:30:51] [Server thread/INFO]: Saving and pausing game...
[09:30:51] [Server thread/INFO]: Saving chunks for level 'New World'/Overworld
[09:30:51] [Server thread/INFO]: Saving chunks for level 'New World'/Nether
[09:30:51] [Server thread/INFO]: Saving chunks for level 'New World'/The End
[09:30:52] [Server thread/INFO]: Stopping server
[09:30:52] [Server thread/INFO]: Saving players
[09:30:52] [Server thread/INFO]: Saving worlds
[09:30:52] [Server thread/INFO]: Saving chunks for level 'New World'/Overworld
[09:30:52] [Server thread/INFO]: Saving chunks for level 'New World'/Nether
[09:30:52] [Server thread/INFO]: Saving chunks for level 'New World'/The End
[09:30:54] [Client thread/INFO]: Realms library version == 1.3.5
[09:30:54] [MCO Availability Checker #1/ERROR]: Couldn't connect to realms: 
[09:31:44] [Client thread/INFO]: Stopping!
