Symbol range map extraction starting
Processing 8 files
startProcessing "io\github\codetoil\litlaunch\_native\mc1_12\CommandNew.java" md5: 87ace505828a6f175d4c528c31737b94
Cache Hit!
endProcessing "io\github\codetoil\litlaunch\_native\mc1_12\CommandNew.java"

startProcessing "io\github\codetoil\litlaunch\_native\mc1_12\DoThing.java" md5: 8bf3f9dec007f628e27f7bcccccdcf3d
Cache Hit!
endProcessing "io\github\codetoil\litlaunch\_native\mc1_12\DoThing.java"

startProcessing "io\github\codetoil\litlaunch\_native\mc1_12\EventHandler.java" md5: a2ebe57a0c6575a2ac69a3304b7871bb
Cache Hit!
endProcessing "io\github\codetoil\litlaunch\_native\mc1_12\EventHandler.java"

startProcessing "io\github\codetoil\litlaunch\_native\mc1_12\GetFields.java" md5: 3815894b591ad48ccae76453ad756de6
Cache Hit!
endProcessing "io\github\codetoil\litlaunch\_native\mc1_12\GetFields.java"

startProcessing "io\github\codetoil\litlaunch\_native\mc1_12\Launch1_12.java" md5: 24af5e603640f9016924b4f7cf0ef716
Cache Hit!
endProcessing "io\github\codetoil\litlaunch\_native\mc1_12\Launch1_12.java"

startProcessing "io\github\codetoil\litlaunch\_native\mc1_12\Logger1_12.java" md5: 409c598ac65468c8429dae1a12bedf74
Cache Hit!
endProcessing "io\github\codetoil\litlaunch\_native\mc1_12\Logger1_12.java"

startProcessing "io\github\codetoil\litlaunch\_native\mc1_12\proxy\ClientProxy1_12.java" md5: 6ed025b784924abf6d59917f970b8bd2
Cache Hit!
endProcessing "io\github\codetoil\litlaunch\_native\mc1_12\proxy\ClientProxy1_12.java"

startProcessing "io\github\codetoil\litlaunch\_native\mc1_12\proxy\ServerProxy1_12.java" md5: 0d35a17a36ef75752df2dd6e3c0e19c9
Cache Hit!
endProcessing "io\github\codetoil\litlaunch\_native\mc1_12\proxy\ServerProxy1_12.java"

