2019-02-24 14:51:30,602 [Worker-2: Loading available Gradle versions] INFO  c.g.t.t.d.PublishedGradleVersions - Gradle version information cache is up-to-date. Trying to read.
2019-02-25 17:27:39,631 [Worker-1: Loading available Gradle versions] INFO  c.g.t.t.d.PublishedGradleVersions - Gradle version information cache is out-of-date. Trying to update.
2019-02-28 19:39:39,167 [Worker-3: Loading available Gradle versions] INFO  o.e.b.c.i.u.g.PublishedGradleVersions - Gradle version information cache is out-of-date. Trying to update.
2019-02-28 20:34:16,095 [Worker-0: Loading available Gradle versions] INFO  o.e.b.c.i.u.g.PublishedGradleVersions - Gradle version information cache is up-to-date. Trying to read.
2019-02-28 21:32:58,528 [Worker-3: Loading available Gradle versions] INFO  o.e.b.c.i.u.g.PublishedGradleVersions - Gradle version information cache is up-to-date. Trying to read.
2019-03-01 21:23:35,269 [Worker-1: Loading available Gradle versions] INFO  o.e.b.c.i.u.g.PublishedGradleVersions - Gradle version information cache is out-of-date. Trying to update.
2019-03-01 21:56:35,632 [main] ERROR o.e.m.j.u.i.DownloadSourcesActionDelegate - Could not schedule source download
org.eclipse.jdt.core.JavaModelException: tpsmodsrc/io/github/littoil/litlaunch/version/mc1_8 [in mc1.12] is not on its project's build path
	at org.eclipse.jdt.internal.core.JavaElement.newJavaModelException(JavaElement.java:583) ~[na:na]
	at org.eclipse.jdt.internal.core.Openable.generateInfos(Openable.java:256) ~[na:na]
	at org.eclipse.jdt.internal.core.JavaElement.openWhenClosed(JavaElement.java:596) ~[na:na]
	at org.eclipse.jdt.internal.core.JavaElement.getElementInfo(JavaElement.java:326) ~[na:na]
	at org.eclipse.jdt.internal.core.JavaElement.getElementInfo(JavaElement.java:312) ~[na:na]
	at org.eclipse.jdt.internal.core.PackageFragmentRoot.getKind(PackageFragmentRoot.java:516) ~[na:na]
	at org.eclipse.jdt.internal.core.PackageFragmentRoot.getSourceAttachmentPath(PackageFragmentRoot.java:641) ~[na:na]
	at org.eclipse.m2e.jdt.ui.internal.DownloadSourcesActionDelegate.setActiveEditor(DownloadSourcesActionDelegate.java:51) ~[na:na]
	at org.eclipse.ui.internal.EditorPluginAction.editorChanged(EditorPluginAction.java:72) [org.eclipse.ui.workbench_3.112.100.v20181127-1518.jar:na]
	at org.eclipse.ui.internal.EditorActionBuilder$EditorContribution.editorChanged(EditorActionBuilder.java:83) [org.eclipse.ui.workbench_3.112.100.v20181127-1518.jar:na]
	at org.eclipse.ui.internal.EditorActionBuilder$ExternalContributor.setActiveEditor(EditorActionBuilder.java:132) [org.eclipse.ui.workbench_3.112.100.v20181127-1518.jar:na]
	at org.eclipse.ui.internal.EditorActionBars.partChanged(EditorActionBars.java:346) [org.eclipse.ui.workbench_3.112.100.v20181127-1518.jar:na]
	at org.eclipse.ui.internal.WorkbenchPage.updateActivations(WorkbenchPage.java:325) [org.eclipse.ui.workbench_3.112.100.v20181127-1518.jar:na]
	at org.eclipse.ui.internal.WorkbenchPage.access$2(WorkbenchPage.java:306) [org.eclipse.ui.workbench_3.112.100.v20181127-1518.jar:na]
	at org.eclipse.ui.internal.WorkbenchPage$E4PartListener.partActivated(WorkbenchPage.java:213) [org.eclipse.ui.workbench_3.112.100.v20181127-1518.jar:na]
	at org.eclipse.e4.ui.internal.workbench.PartServiceImpl$3.run(PartServiceImpl.java:253) [org.eclipse.e4.ui.workbench_1.8.0.v20181119-1304.jar:na]
	at org.eclipse.core.runtime.SafeRunner.run(SafeRunner.java:45) [org.eclipse.equinox.common_3.10.200.v20181021-1645.jar:na]
	at org.eclipse.e4.ui.internal.workbench.PartServiceImpl.firePartActivated(PartServiceImpl.java:250) [org.eclipse.e4.ui.workbench_1.8.0.v20181119-1304.jar:na]
	at org.eclipse.e4.ui.internal.workbench.PartServiceImpl.activate(PartServiceImpl.java:775) [org.eclipse.e4.ui.workbench_1.8.0.v20181119-1304.jar:na]
	at org.eclipse.e4.ui.internal.workbench.PartServiceImpl.activate(PartServiceImpl.java:684) [org.eclipse.e4.ui.workbench_1.8.0.v20181119-1304.jar:na]
	at org.eclipse.e4.ui.internal.workbench.PartServiceImpl.activate(PartServiceImpl.java:679) [org.eclipse.e4.ui.workbench_1.8.0.v20181119-1304.jar:na]
	at org.eclipse.ui.internal.WorkbenchPage.busyOpenEditor(WorkbenchPage.java:3325) [org.eclipse.ui.workbench_3.112.100.v20181127-1518.jar:na]
	at org.eclipse.ui.internal.WorkbenchPage.lambda$9(WorkbenchPage.java:3216) [org.eclipse.ui.workbench_3.112.100.v20181127-1518.jar:na]
	at org.eclipse.swt.custom.BusyIndicator.showWhile(BusyIndicator.java:72) ~[org.eclipse.swt.win32.win32.x86_64_3.109.0.v20181204-1801.jar:na]
	at org.eclipse.ui.internal.WorkbenchPage.openEditor(WorkbenchPage.java:3213) [org.eclipse.ui.workbench_3.112.100.v20181127-1518.jar:na]
	at org.eclipse.ui.internal.WorkbenchPage.openEditor(WorkbenchPage.java:3177) [org.eclipse.ui.workbench_3.112.100.v20181127-1518.jar:na]
	at org.eclipse.ui.internal.WorkbenchPage.openEditor(WorkbenchPage.java:3167) [org.eclipse.ui.workbench_3.112.100.v20181127-1518.jar:na]
	at org.eclipse.jdt.internal.ui.javaeditor.EditorUtility.openInEditor(EditorUtility.java:376) ~[na:na]
	at org.eclipse.jdt.internal.ui.javaeditor.EditorUtility.openInEditor(EditorUtility.java:182) ~[na:na]
	at org.eclipse.jdt.ui.actions.OpenAction.run(OpenAction.java:287) ~[na:na]
	at org.eclipse.jdt.ui.actions.OpenAction.run(OpenAction.java:252) ~[na:na]
	at org.eclipse.jdt.ui.actions.SelectionDispatchAction.dispatchRun(SelectionDispatchAction.java:274) ~[na:na]
	at org.eclipse.jdt.ui.actions.SelectionDispatchAction.run(SelectionDispatchAction.java:252) ~[na:na]
	at org.eclipse.jdt.internal.ui.packageview.PackageExplorerActionGroup.handleOpen(PackageExplorerActionGroup.java:382) ~[na:na]
	at org.eclipse.jdt.internal.ui.packageview.PackageExplorerPart$4.open(PackageExplorerPart.java:545) ~[na:na]
	at org.eclipse.ui.OpenAndLinkWithEditorHelper$InternalListener.open(OpenAndLinkWithEditorHelper.java:49) ~[org.eclipse.ui.workbench_3.112.100.v20181127-1518.jar:na]
	at org.eclipse.jface.viewers.StructuredViewer$2.run(StructuredViewer.java:853) ~[org.eclipse.jface_3.15.0.v20181123-1505.jar:na]
	at org.eclipse.core.runtime.SafeRunner.run(SafeRunner.java:45) [org.eclipse.equinox.common_3.10.200.v20181021-1645.jar:na]
	at org.eclipse.ui.internal.JFaceUtil.lambda$0(JFaceUtil.java:47) ~[org.eclipse.ui.workbench_3.112.100.v20181127-1518.jar:na]
	at org.eclipse.jface.util.SafeRunnable.run(SafeRunnable.java:176) ~[org.eclipse.jface_3.15.0.v20181123-1505.jar:na]
	at org.eclipse.jface.viewers.StructuredViewer.fireOpen(StructuredViewer.java:850) ~[org.eclipse.jface_3.15.0.v20181123-1505.jar:na]
	at org.eclipse.jface.viewers.StructuredViewer.handleOpen(StructuredViewer.java:1165) ~[org.eclipse.jface_3.15.0.v20181123-1505.jar:na]
	at org.eclipse.jface.util.OpenStrategy.fireOpenEvent(OpenStrategy.java:276) ~[org.eclipse.jface_3.15.0.v20181123-1505.jar:na]
	at org.eclipse.jface.util.OpenStrategy.access$2(OpenStrategy.java:271) ~[org.eclipse.jface_3.15.0.v20181123-1505.jar:na]
	at org.eclipse.jface.util.OpenStrategy$1.handleEvent(OpenStrategy.java:311) ~[org.eclipse.jface_3.15.0.v20181123-1505.jar:na]
	at org.eclipse.swt.widgets.EventTable.sendEvent(EventTable.java:89) ~[org.eclipse.swt.win32.win32.x86_64_3.109.0.v20181204-1801.jar:na]
	at org.eclipse.swt.widgets.Display.sendEvent(Display.java:4131) ~[org.eclipse.swt.win32.win32.x86_64_3.109.0.v20181204-1801.jar:na]
	at org.eclipse.swt.widgets.Widget.sendEvent(Widget.java:1055) ~[org.eclipse.swt.win32.win32.x86_64_3.109.0.v20181204-1801.jar:na]
	at org.eclipse.swt.widgets.Display.runDeferredEvents(Display.java:3944) ~[org.eclipse.swt.win32.win32.x86_64_3.109.0.v20181204-1801.jar:na]
	at org.eclipse.swt.widgets.Display.readAndDispatch(Display.java:3547) ~[org.eclipse.swt.win32.win32.x86_64_3.109.0.v20181204-1801.jar:na]
	at org.eclipse.e4.ui.internal.workbench.swt.PartRenderingEngine$5.run(PartRenderingEngine.java:1173) ~[org.eclipse.e4.ui.workbench.swt_0.14.400.v20181022-1348.jar:na]
	at org.eclipse.core.databinding.observable.Realm.runWithDefault(Realm.java:339) ~[org.eclipse.core.databinding.observable_1.6.300.v20180827-2028.jar:na]
	at org.eclipse.e4.ui.internal.workbench.swt.PartRenderingEngine.run(PartRenderingEngine.java:1062) ~[org.eclipse.e4.ui.workbench.swt_0.14.400.v20181022-1348.jar:na]
	at org.eclipse.e4.ui.internal.workbench.E4Workbench.createAndRunUI(E4Workbench.java:156) ~[org.eclipse.e4.ui.workbench_1.8.0.v20181119-1304.jar:na]
	at org.eclipse.ui.internal.Workbench.lambda$3(Workbench.java:636) ~[org.eclipse.ui.workbench_3.112.100.v20181127-1518.jar:na]
	at org.eclipse.core.databinding.observable.Realm.runWithDefault(Realm.java:339) ~[org.eclipse.core.databinding.observable_1.6.300.v20180827-2028.jar:na]
	at org.eclipse.ui.internal.Workbench.createAndRunWorkbench(Workbench.java:563) ~[org.eclipse.ui.workbench_3.112.100.v20181127-1518.jar:na]
	at org.eclipse.ui.PlatformUI.createAndRunWorkbench(PlatformUI.java:151) ~[org.eclipse.ui.workbench_3.112.100.v20181127-1518.jar:na]
	at org.eclipse.ui.internal.ide.application.IDEApplication.start(IDEApplication.java:155) ~[na:na]
	at org.eclipse.equinox.internal.app.EclipseAppHandle.run(EclipseAppHandle.java:203) ~[org.eclipse.equinox.app_1.4.0.v20181009-1752.jar:na]
	at org.eclipse.core.runtime.internal.adaptor.EclipseAppLauncher.runApplication(EclipseAppLauncher.java:137) ~[org.eclipse.osgi_3.13.200.v20181130-2106.jar:na]
	at org.eclipse.core.runtime.internal.adaptor.EclipseAppLauncher.start(EclipseAppLauncher.java:107) ~[org.eclipse.osgi_3.13.200.v20181130-2106.jar:na]
	at org.eclipse.core.runtime.adaptor.EclipseStarter.run(EclipseStarter.java:400) ~[org.eclipse.osgi_3.13.200.v20181130-2106.jar:na]
	at org.eclipse.core.runtime.adaptor.EclipseStarter.run(EclipseStarter.java:255) ~[org.eclipse.osgi_3.13.200.v20181130-2106.jar:na]
	at sun.reflect.NativeMethodAccessorImpl.invoke0(Native Method) ~[na:1.8.0_201]
	at sun.reflect.NativeMethodAccessorImpl.invoke(Unknown Source) ~[na:1.8.0_201]
	at sun.reflect.DelegatingMethodAccessorImpl.invoke(Unknown Source) ~[na:1.8.0_201]
	at java.lang.reflect.Method.invoke(Unknown Source) ~[na:1.8.0_201]
	at org.eclipse.equinox.launcher.Main.invokeFramework(Main.java:659) ~[org.eclipse.equinox.launcher_1.5.200.v20180922-1751.jar:na]
	at org.eclipse.equinox.launcher.Main.basicRun(Main.java:595) ~[org.eclipse.equinox.launcher_1.5.200.v20180922-1751.jar:na]
	at org.eclipse.equinox.launcher.Main.run(Main.java:1501) ~[org.eclipse.equinox.launcher_1.5.200.v20180922-1751.jar:na]
2019-03-01 21:56:47,716 [main] ERROR o.e.m.j.u.i.DownloadSourcesActionDelegate - Could not schedule source download
org.eclipse.jdt.core.JavaModelException: tpsmodsrc/io/github/littoil/litlaunch/version/mc1_8 [in mc1.12] is not on its project's build path
	at org.eclipse.jdt.internal.core.JavaElement.newJavaModelException(JavaElement.java:583) ~[na:na]
	at org.eclipse.jdt.internal.core.Openable.generateInfos(Openable.java:256) ~[na:na]
	at org.eclipse.jdt.internal.core.JavaElement.openWhenClosed(JavaElement.java:596) ~[na:na]
	at org.eclipse.jdt.internal.core.JavaElement.getElementInfo(JavaElement.java:326) ~[na:na]
	at org.eclipse.jdt.internal.core.JavaElement.getElementInfo(JavaElement.java:312) ~[na:na]
	at org.eclipse.jdt.internal.core.PackageFragmentRoot.getKind(PackageFragmentRoot.java:516) ~[na:na]
	at org.eclipse.jdt.internal.core.PackageFragmentRoot.getSourceAttachmentPath(PackageFragmentRoot.java:641) ~[na:na]
	at org.eclipse.m2e.jdt.ui.internal.DownloadSourcesActionDelegate.setActiveEditor(DownloadSourcesActionDelegate.java:51) ~[na:na]
	at org.eclipse.ui.internal.EditorPluginAction.editorChanged(EditorPluginAction.java:72) [org.eclipse.ui.workbench_3.112.100.v20181127-1518.jar:na]
	at org.eclipse.ui.internal.EditorActionBuilder$EditorContribution.editorChanged(EditorActionBuilder.java:83) [org.eclipse.ui.workbench_3.112.100.v20181127-1518.jar:na]
	at org.eclipse.ui.internal.EditorActionBuilder$ExternalContributor.setActiveEditor(EditorActionBuilder.java:132) [org.eclipse.ui.workbench_3.112.100.v20181127-1518.jar:na]
	at org.eclipse.ui.internal.EditorActionBars.partChanged(EditorActionBars.java:346) [org.eclipse.ui.workbench_3.112.100.v20181127-1518.jar:na]
	at org.eclipse.ui.internal.WorkbenchPage.updateActivations(WorkbenchPage.java:325) [org.eclipse.ui.workbench_3.112.100.v20181127-1518.jar:na]
	at org.eclipse.ui.internal.WorkbenchPage.access$2(WorkbenchPage.java:306) [org.eclipse.ui.workbench_3.112.100.v20181127-1518.jar:na]
	at org.eclipse.ui.internal.WorkbenchPage$E4PartListener.partActivated(WorkbenchPage.java:213) [org.eclipse.ui.workbench_3.112.100.v20181127-1518.jar:na]
	at org.eclipse.e4.ui.internal.workbench.PartServiceImpl$3.run(PartServiceImpl.java:253) [org.eclipse.e4.ui.workbench_1.8.0.v20181119-1304.jar:na]
	at org.eclipse.core.runtime.SafeRunner.run(SafeRunner.java:45) [org.eclipse.equinox.common_3.10.200.v20181021-1645.jar:na]
	at org.eclipse.e4.ui.internal.workbench.PartServiceImpl.firePartActivated(PartServiceImpl.java:250) [org.eclipse.e4.ui.workbench_1.8.0.v20181119-1304.jar:na]
	at org.eclipse.e4.ui.internal.workbench.PartServiceImpl.activate(PartServiceImpl.java:775) [org.eclipse.e4.ui.workbench_1.8.0.v20181119-1304.jar:na]
	at org.eclipse.e4.ui.internal.workbench.PartServiceImpl.activate(PartServiceImpl.java:684) [org.eclipse.e4.ui.workbench_1.8.0.v20181119-1304.jar:na]
	at org.eclipse.e4.ui.internal.workbench.swt.AbstractPartRenderer.activate(AbstractPartRenderer.java:97) [org.eclipse.e4.ui.workbench.swt_0.14.400.v20181022-1348.jar:na]
	at org.eclipse.e4.ui.workbench.renderers.swt.ContributedPartRenderer.lambda$0(ContributedPartRenderer.java:63) [org.eclipse.e4.ui.workbench.renderers.swt_0.14.400.v20181112-1716.jar:na]
	at org.eclipse.swt.widgets.EventTable.sendEvent(EventTable.java:89) ~[org.eclipse.swt.win32.win32.x86_64_3.109.0.v20181204-1801.jar:na]
	at org.eclipse.swt.widgets.Display.sendEvent(Display.java:4131) ~[org.eclipse.swt.win32.win32.x86_64_3.109.0.v20181204-1801.jar:na]
	at org.eclipse.swt.widgets.Widget.sendEvent(Widget.java:1055) ~[org.eclipse.swt.win32.win32.x86_64_3.109.0.v20181204-1801.jar:na]
	at org.eclipse.swt.widgets.Widget.sendEvent(Widget.java:1079) ~[org.eclipse.swt.win32.win32.x86_64_3.109.0.v20181204-1801.jar:na]
	at org.eclipse.swt.widgets.Widget.sendEvent(Widget.java:1064) ~[org.eclipse.swt.win32.win32.x86_64_3.109.0.v20181204-1801.jar:na]
	at org.eclipse.swt.widgets.Shell.setActiveControl(Shell.java:1524) ~[org.eclipse.swt.win32.win32.x86_64_3.109.0.v20181204-1801.jar:na]
	at org.eclipse.swt.widgets.Shell.setActiveControl(Shell.java:1487) ~[org.eclipse.swt.win32.win32.x86_64_3.109.0.v20181204-1801.jar:na]
	at org.eclipse.swt.widgets.Control.sendFocusEvent(Control.java:2972) ~[org.eclipse.swt.win32.win32.x86_64_3.109.0.v20181204-1801.jar:na]
	at org.eclipse.swt.widgets.Widget.wmSetFocus(Widget.java:2234) ~[org.eclipse.swt.win32.win32.x86_64_3.109.0.v20181204-1801.jar:na]
	at org.eclipse.swt.widgets.Control.WM_SETFOCUS(Control.java:5434) ~[org.eclipse.swt.win32.win32.x86_64_3.109.0.v20181204-1801.jar:na]
	at org.eclipse.swt.widgets.Control.windowProc(Control.java:4838) ~[org.eclipse.swt.win32.win32.x86_64_3.109.0.v20181204-1801.jar:na]
	at org.eclipse.swt.widgets.Display.windowProc(Display.java:4770) ~[org.eclipse.swt.win32.win32.x86_64_3.109.0.v20181204-1801.jar:na]
	at org.eclipse.swt.internal.win32.OS.SetFocus(Native Method) ~[org.eclipse.swt.win32.win32.x86_64_3.109.0.v20181204-1801.jar:na]
	at org.eclipse.swt.widgets.Control.forceFocus(Control.java:1116) ~[org.eclipse.swt.win32.win32.x86_64_3.109.0.v20181204-1801.jar:na]
	at org.eclipse.swt.widgets.Control.setFocus(Control.java:3457) ~[org.eclipse.swt.win32.win32.x86_64_3.109.0.v20181204-1801.jar:na]
	at org.eclipse.swt.widgets.Composite.setFocus(Composite.java:1102) ~[org.eclipse.swt.win32.win32.x86_64_3.109.0.v20181204-1801.jar:na]
	at org.eclipse.swt.widgets.Composite.setFocus(Composite.java:1100) ~[org.eclipse.swt.win32.win32.x86_64_3.109.0.v20181204-1801.jar:na]
	at org.eclipse.jdt.internal.ui.javaeditor.ClassFileEditor.setFocus(ClassFileEditor.java:984) ~[na:na]
	at org.eclipse.ui.internal.e4.compatibility.CompatibilityPart.delegateSetFocus(CompatibilityPart.java:225) ~[na:na]
	at sun.reflect.GeneratedMethodAccessor92.invoke(Unknown Source) ~[na:na]
	at sun.reflect.DelegatingMethodAccessorImpl.invoke(Unknown Source) ~[na:1.8.0_201]
	at java.lang.reflect.Method.invoke(Unknown Source) ~[na:1.8.0_201]
	at org.eclipse.e4.core.internal.di.MethodRequestor.execute(MethodRequestor.java:58) ~[org.eclipse.e4.core.di_1.7.100.v20180817-1215.jar:na]
	at org.eclipse.e4.core.internal.di.InjectorImpl.invokeUsingClass(InjectorImpl.java:320) ~[org.eclipse.e4.core.di_1.7.100.v20180817-1215.jar:na]
	at org.eclipse.e4.core.internal.di.InjectorImpl.invokeUsingClass(InjectorImpl.java:326) ~[org.eclipse.e4.core.di_1.7.100.v20180817-1215.jar:na]
	at org.eclipse.e4.core.internal.di.InjectorImpl.invoke(InjectorImpl.java:248) ~[org.eclipse.e4.core.di_1.7.100.v20180817-1215.jar:na]
	at org.eclipse.e4.core.contexts.ContextInjectionFactory.invoke(ContextInjectionFactory.java:139) ~[org.eclipse.e4.core.contexts_1.7.100.v20180817-1215.jar:na]
	at org.eclipse.e4.ui.internal.workbench.swt.PartRenderingEngine.focusGui(PartRenderingEngine.java:808) ~[org.eclipse.e4.ui.workbench.swt_0.14.400.v20181022-1348.jar:na]
	at org.eclipse.e4.ui.workbench.renderers.swt.ContributedPartRenderer$1.setFocus(ContributedPartRenderer.java:106) ~[org.eclipse.e4.ui.workbench.renderers.swt_0.14.400.v20181112-1716.jar:na]
	at org.eclipse.swt.custom.CTabItem.setFocus(CTabItem.java:343) ~[org.eclipse.swt.win32.win32.x86_64_3.109.0.v20181204-1801.jar:na]
	at org.eclipse.swt.custom.CTabFolder.setFocus(CTabFolder.java:2638) ~[org.eclipse.swt.win32.win32.x86_64_3.109.0.v20181204-1801.jar:na]
	at org.eclipse.swt.widgets.Control.fixFocus(Control.java:1071) ~[org.eclipse.swt.win32.win32.x86_64_3.109.0.v20181204-1801.jar:na]
	at org.eclipse.swt.widgets.Control.setVisible(Control.java:3971) ~[org.eclipse.swt.win32.win32.x86_64_3.109.0.v20181204-1801.jar:na]
	at org.eclipse.swt.custom.CTabFolder.setSelection(CTabFolder.java:3182) ~[org.eclipse.swt.win32.win32.x86_64_3.109.0.v20181204-1801.jar:na]
	at org.eclipse.swt.custom.CTabFolder.setSelection(CTabFolder.java:3190) ~[org.eclipse.swt.win32.win32.x86_64_3.109.0.v20181204-1801.jar:na]
	at org.eclipse.swt.custom.CTabFolder.onMouse(CTabFolder.java:1877) ~[org.eclipse.swt.win32.win32.x86_64_3.109.0.v20181204-1801.jar:na]
	at org.eclipse.swt.custom.CTabFolder.lambda$0(CTabFolder.java:331) ~[org.eclipse.swt.win32.win32.x86_64_3.109.0.v20181204-1801.jar:na]
	at org.eclipse.swt.widgets.EventTable.sendEvent(EventTable.java:89) ~[org.eclipse.swt.win32.win32.x86_64_3.109.0.v20181204-1801.jar:na]
	at org.eclipse.swt.widgets.Display.sendEvent(Display.java:4131) ~[org.eclipse.swt.win32.win32.x86_64_3.109.0.v20181204-1801.jar:na]
	at org.eclipse.swt.widgets.Widget.sendEvent(Widget.java:1055) ~[org.eclipse.swt.win32.win32.x86_64_3.109.0.v20181204-1801.jar:na]
	at org.eclipse.swt.widgets.Display.runDeferredEvents(Display.java:3944) ~[org.eclipse.swt.win32.win32.x86_64_3.109.0.v20181204-1801.jar:na]
	at org.eclipse.swt.widgets.Display.readAndDispatch(Display.java:3547) ~[org.eclipse.swt.win32.win32.x86_64_3.109.0.v20181204-1801.jar:na]
	at org.eclipse.e4.ui.internal.workbench.swt.PartRenderingEngine$5.run(PartRenderingEngine.java:1173) ~[org.eclipse.e4.ui.workbench.swt_0.14.400.v20181022-1348.jar:na]
	at org.eclipse.core.databinding.observable.Realm.runWithDefault(Realm.java:339) ~[na:na]
	at org.eclipse.e4.ui.internal.workbench.swt.PartRenderingEngine.run(PartRenderingEngine.java:1062) ~[org.eclipse.e4.ui.workbench.swt_0.14.400.v20181022-1348.jar:na]
	at org.eclipse.e4.ui.internal.workbench.E4Workbench.createAndRunUI(E4Workbench.java:156) ~[org.eclipse.e4.ui.workbench_1.8.0.v20181119-1304.jar:na]
	at org.eclipse.ui.internal.Workbench.lambda$3(Workbench.java:636) ~[na:na]
	at org.eclipse.core.databinding.observable.Realm.runWithDefault(Realm.java:339) ~[na:na]
	at org.eclipse.ui.internal.Workbench.createAndRunWorkbench(Workbench.java:563) ~[na:na]
	at org.eclipse.ui.PlatformUI.createAndRunWorkbench(PlatformUI.java:151) ~[na:na]
	at org.eclipse.ui.internal.ide.application.IDEApplication.start(IDEApplication.java:155) ~[na:na]
	at org.eclipse.equinox.internal.app.EclipseAppHandle.run(EclipseAppHandle.java:203) ~[org.eclipse.equinox.app_1.4.0.v20181009-1752.jar:na]
	at org.eclipse.core.runtime.internal.adaptor.EclipseAppLauncher.runApplication(EclipseAppLauncher.java:137) ~[org.eclipse.osgi_3.13.200.v20181130-2106.jar:na]
	at org.eclipse.core.runtime.internal.adaptor.EclipseAppLauncher.start(EclipseAppLauncher.java:107) ~[org.eclipse.osgi_3.13.200.v20181130-2106.jar:na]
	at org.eclipse.core.runtime.adaptor.EclipseStarter.run(EclipseStarter.java:400) ~[org.eclipse.osgi_3.13.200.v20181130-2106.jar:na]
	at org.eclipse.core.runtime.adaptor.EclipseStarter.run(EclipseStarter.java:255) ~[org.eclipse.osgi_3.13.200.v20181130-2106.jar:na]
	at sun.reflect.NativeMethodAccessorImpl.invoke0(Native Method) ~[na:1.8.0_201]
	at sun.reflect.NativeMethodAccessorImpl.invoke(Unknown Source) ~[na:1.8.0_201]
	at sun.reflect.DelegatingMethodAccessorImpl.invoke(Unknown Source) ~[na:1.8.0_201]
	at java.lang.reflect.Method.invoke(Unknown Source) ~[na:1.8.0_201]
	at org.eclipse.equinox.launcher.Main.invokeFramework(Main.java:659) ~[org.eclipse.equinox.launcher_1.5.200.v20180922-1751.jar:na]
	at org.eclipse.equinox.launcher.Main.basicRun(Main.java:595) ~[org.eclipse.equinox.launcher_1.5.200.v20180922-1751.jar:na]
	at org.eclipse.equinox.launcher.Main.run(Main.java:1501) ~[org.eclipse.equinox.launcher_1.5.200.v20180922-1751.jar:na]
2019-03-01 21:56:50,249 [main] ERROR o.e.m.j.u.i.DownloadSourcesActionDelegate - Could not schedule source download
org.eclipse.jdt.core.JavaModelException: tpsmodsrc/io/github/littoil/litlaunch/version/mc1_8 [in mc1.12] is not on its project's build path
	at org.eclipse.jdt.internal.core.JavaElement.newJavaModelException(JavaElement.java:583) ~[na:na]
	at org.eclipse.jdt.internal.core.Openable.generateInfos(Openable.java:256) ~[na:na]
	at org.eclipse.jdt.internal.core.JavaElement.openWhenClosed(JavaElement.java:596) ~[na:na]
	at org.eclipse.jdt.internal.core.JavaElement.getElementInfo(JavaElement.java:326) ~[na:na]
	at org.eclipse.jdt.internal.core.JavaElement.getElementInfo(JavaElement.java:312) ~[na:na]
	at org.eclipse.jdt.internal.core.PackageFragmentRoot.getKind(PackageFragmentRoot.java:516) ~[na:na]
	at org.eclipse.jdt.internal.core.PackageFragmentRoot.getSourceAttachmentPath(PackageFragmentRoot.java:641) ~[na:na]
	at org.eclipse.m2e.jdt.ui.internal.DownloadSourcesActionDelegate.setActiveEditor(DownloadSourcesActionDelegate.java:51) ~[na:na]
	at org.eclipse.ui.internal.EditorPluginAction.editorChanged(EditorPluginAction.java:72) [org.eclipse.ui.workbench_3.112.100.v20181127-1518.jar:na]
	at org.eclipse.ui.internal.EditorActionBuilder$EditorContribution.editorChanged(EditorActionBuilder.java:83) [org.eclipse.ui.workbench_3.112.100.v20181127-1518.jar:na]
	at org.eclipse.ui.internal.EditorActionBuilder$ExternalContributor.setActiveEditor(EditorActionBuilder.java:132) [org.eclipse.ui.workbench_3.112.100.v20181127-1518.jar:na]
	at org.eclipse.ui.internal.EditorActionBars.partChanged(EditorActionBars.java:346) [org.eclipse.ui.workbench_3.112.100.v20181127-1518.jar:na]
	at org.eclipse.ui.internal.WorkbenchPage.updateActivations(WorkbenchPage.java:325) [org.eclipse.ui.workbench_3.112.100.v20181127-1518.jar:na]
	at org.eclipse.ui.internal.WorkbenchPage.access$2(WorkbenchPage.java:306) [org.eclipse.ui.workbench_3.112.100.v20181127-1518.jar:na]
	at org.eclipse.ui.internal.WorkbenchPage$E4PartListener.partActivated(WorkbenchPage.java:213) [org.eclipse.ui.workbench_3.112.100.v20181127-1518.jar:na]
	at org.eclipse.e4.ui.internal.workbench.PartServiceImpl$3.run(PartServiceImpl.java:253) [org.eclipse.e4.ui.workbench_1.8.0.v20181119-1304.jar:na]
	at org.eclipse.core.runtime.SafeRunner.run(SafeRunner.java:45) [org.eclipse.equinox.common_3.10.200.v20181021-1645.jar:na]
	at org.eclipse.e4.ui.internal.workbench.PartServiceImpl.firePartActivated(PartServiceImpl.java:250) [org.eclipse.e4.ui.workbench_1.8.0.v20181119-1304.jar:na]
	at org.eclipse.e4.ui.internal.workbench.PartServiceImpl.activate(PartServiceImpl.java:775) [org.eclipse.e4.ui.workbench_1.8.0.v20181119-1304.jar:na]
	at org.eclipse.e4.ui.internal.workbench.PartServiceImpl.activate(PartServiceImpl.java:684) [org.eclipse.e4.ui.workbench_1.8.0.v20181119-1304.jar:na]
	at org.eclipse.e4.ui.internal.workbench.PartServiceImpl.activate(PartServiceImpl.java:679) [org.eclipse.e4.ui.workbench_1.8.0.v20181119-1304.jar:na]
	at org.eclipse.e4.ui.workbench.addons.dndaddon.DropAgent.reactivatePart(DropAgent.java:74) [org.eclipse.e4.ui.workbench.addons.swt_1.3.300.v20181102-1042.jar:na]
	at org.eclipse.e4.ui.workbench.addons.dndaddon.StackDropAgent.reactivatePart(StackDropAgent.java:1) [org.eclipse.e4.ui.workbench.addons.swt_1.3.300.v20181102-1042.jar:na]
	at org.eclipse.e4.ui.workbench.addons.dndaddon.StackDropAgent.drop(StackDropAgent.java:436) [org.eclipse.e4.ui.workbench.addons.swt_1.3.300.v20181102-1042.jar:na]
	at org.eclipse.e4.ui.workbench.addons.dndaddon.DragAgent.dragFinished(DragAgent.java:172) [org.eclipse.e4.ui.workbench.addons.swt_1.3.300.v20181102-1042.jar:na]
	at org.eclipse.e4.ui.workbench.addons.dndaddon.PartDragAgent.dragFinished(PartDragAgent.java:111) [org.eclipse.e4.ui.workbench.addons.swt_1.3.300.v20181102-1042.jar:na]
	at org.eclipse.e4.ui.workbench.addons.dndaddon.DnDManager.finishDrag(DnDManager.java:266) [org.eclipse.e4.ui.workbench.addons.swt_1.3.300.v20181102-1042.jar:na]
	at org.eclipse.e4.ui.workbench.addons.dndaddon.DnDManager.startDrag(DnDManager.java:233) [org.eclipse.e4.ui.workbench.addons.swt_1.3.300.v20181102-1042.jar:na]
	at org.eclipse.e4.ui.workbench.addons.dndaddon.DnDManager.lambda$0(DnDManager.java:84) [org.eclipse.e4.ui.workbench.addons.swt_1.3.300.v20181102-1042.jar:na]
	at org.eclipse.swt.widgets.TypedListener.handleEvent(TypedListener.java:131) ~[org.eclipse.swt.win32.win32.x86_64_3.109.0.v20181204-1801.jar:na]
	at org.eclipse.swt.widgets.EventTable.sendEvent(EventTable.java:89) ~[org.eclipse.swt.win32.win32.x86_64_3.109.0.v20181204-1801.jar:na]
	at org.eclipse.swt.widgets.Display.sendEvent(Display.java:4131) ~[org.eclipse.swt.win32.win32.x86_64_3.109.0.v20181204-1801.jar:na]
	at org.eclipse.swt.widgets.Widget.sendEvent(Widget.java:1055) ~[org.eclipse.swt.win32.win32.x86_64_3.109.0.v20181204-1801.jar:na]
	at org.eclipse.swt.widgets.Display.runDeferredEvents(Display.java:3944) ~[org.eclipse.swt.win32.win32.x86_64_3.109.0.v20181204-1801.jar:na]
	at org.eclipse.swt.widgets.Display.readAndDispatch(Display.java:3547) ~[org.eclipse.swt.win32.win32.x86_64_3.109.0.v20181204-1801.jar:na]
	at org.eclipse.e4.ui.internal.workbench.swt.PartRenderingEngine$5.run(PartRenderingEngine.java:1173) ~[org.eclipse.e4.ui.workbench.swt_0.14.400.v20181022-1348.jar:na]
	at org.eclipse.core.databinding.observable.Realm.runWithDefault(Realm.java:339) ~[na:na]
	at org.eclipse.e4.ui.internal.workbench.swt.PartRenderingEngine.run(PartRenderingEngine.java:1062) ~[org.eclipse.e4.ui.workbench.swt_0.14.400.v20181022-1348.jar:na]
	at org.eclipse.e4.ui.internal.workbench.E4Workbench.createAndRunUI(E4Workbench.java:156) ~[org.eclipse.e4.ui.workbench_1.8.0.v20181119-1304.jar:na]
	at org.eclipse.ui.internal.Workbench.lambda$3(Workbench.java:636) ~[na:na]
	at org.eclipse.core.databinding.observable.Realm.runWithDefault(Realm.java:339) ~[na:na]
	at org.eclipse.ui.internal.Workbench.createAndRunWorkbench(Workbench.java:563) ~[na:na]
	at org.eclipse.ui.PlatformUI.createAndRunWorkbench(PlatformUI.java:151) ~[na:na]
	at org.eclipse.ui.internal.ide.application.IDEApplication.start(IDEApplication.java:155) ~[na:na]
	at org.eclipse.equinox.internal.app.EclipseAppHandle.run(EclipseAppHandle.java:203) ~[org.eclipse.equinox.app_1.4.0.v20181009-1752.jar:na]
	at org.eclipse.core.runtime.internal.adaptor.EclipseAppLauncher.runApplication(EclipseAppLauncher.java:137) ~[org.eclipse.osgi_3.13.200.v20181130-2106.jar:na]
	at org.eclipse.core.runtime.internal.adaptor.EclipseAppLauncher.start(EclipseAppLauncher.java:107) ~[org.eclipse.osgi_3.13.200.v20181130-2106.jar:na]
	at org.eclipse.core.runtime.adaptor.EclipseStarter.run(EclipseStarter.java:400) ~[org.eclipse.osgi_3.13.200.v20181130-2106.jar:na]
	at org.eclipse.core.runtime.adaptor.EclipseStarter.run(EclipseStarter.java:255) ~[org.eclipse.osgi_3.13.200.v20181130-2106.jar:na]
	at sun.reflect.NativeMethodAccessorImpl.invoke0(Native Method) ~[na:1.8.0_201]
	at sun.reflect.NativeMethodAccessorImpl.invoke(Unknown Source) ~[na:1.8.0_201]
	at sun.reflect.DelegatingMethodAccessorImpl.invoke(Unknown Source) ~[na:1.8.0_201]
	at java.lang.reflect.Method.invoke(Unknown Source) ~[na:1.8.0_201]
	at org.eclipse.equinox.launcher.Main.invokeFramework(Main.java:659) ~[org.eclipse.equinox.launcher_1.5.200.v20180922-1751.jar:na]
	at org.eclipse.equinox.launcher.Main.basicRun(Main.java:595) ~[org.eclipse.equinox.launcher_1.5.200.v20180922-1751.jar:na]
	at org.eclipse.equinox.launcher.Main.run(Main.java:1501) ~[org.eclipse.equinox.launcher_1.5.200.v20180922-1751.jar:na]
2019-03-01 22:11:47,276 [Worker-29: Debug Source Lookup] INFO  o.e.m.c.i.e.AbstractTransferListenerAdapter - Downloading https://repo.maven.apache.org/maven2/org/ow2/asm/asm-debug-all/5.0.3/asm-debug-all-5.0.3-sources.jar
2019-03-01 22:11:48,408 [Worker-29: Debug Source Lookup] INFO  o.e.m.c.i.e.AbstractTransferListenerAdapter - Downloaded https://repo.maven.apache.org/maven2/org/ow2/asm/asm-debug-all/5.0.3/asm-debug-all-5.0.3-sources.jar
2019-03-06 21:35:25,637 [Worker-2: Loading available Gradle versions] INFO  o.e.b.c.i.u.g.PublishedGradleVersions - Gradle version information cache is out-of-date. Trying to update.
2019-03-06 22:26:17,252 [Worker-5: Loading available Gradle versions] INFO  o.e.b.c.i.u.g.PublishedGradleVersions - Gradle version information cache is up-to-date. Trying to read.
2019-03-06 22:42:07,900 [Worker-1: Loading available Gradle versions] INFO  o.e.b.c.i.u.g.PublishedGradleVersions - Gradle version information cache is up-to-date. Trying to read.
